<?xml version="1.0" encoding="UTF-8"?>
<testsuites name="Test_suite_1" time="81.977" tests="4" failures="1" errors="0">
   <testsuite name="Test_suite_1" tests="4" failures="1" errors="0" time="81.977" skipped="0" timestamp="2023-01-28 14:04:52" hostname="gabrielcrooke - 192.168.0.9" id="Test Suites/Test_suite_1">
      <properties>
         <property name="deviceName" value=""/>
         <property name="devicePlatform" value=""/>
         <property name="logFolder" value="/Users/gabrielcrooke/KatalonProject/Reports/20230128_140414/Test_suite_1/20230128_140435"/>
         <property name="logFiles" value="/Users/gabrielcrooke/KatalonProject/Reports/20230128_140414/Test_suite_1/20230128_140435/execution0.log"/>
         <property name="attachments" value="/Users/gabrielcrooke/KatalonProject/Reports/20230128_140414/Test_suite_1/20230128_140435/1674929130908.png"/>
         <property name="hostName" value="gabrielcrooke - 192.168.0.9"/>
         <property name="os" value="Mac OS X 64bit"/>
         <property name="katalonVersion" value="8.5.5.208"/>
         <property name="browser" value="Chrome 109.0.0.0"/>
         <property name="hostAddress" value="192.168.0.9"/>
         <property name="sessionId" value="694d5990e5f74c9feb301cc6d8a08da0"/>
         <property name="seleniumVersion" value="3.141.59"/>
         <property name="proxyInformation" value="ProxyInformation { proxyOption=NO_PROXY, proxyServerType=HTTP, username=, password=********, proxyServerAddress=, proxyServerPort=0, executionList=&quot;&quot;, isApplyToDesiredCapabilities=true }"/>
         <property name="platform" value="Mac OS X"/>
      </properties>
      <testcase name="Test Cases/Navegador/Navegador" time="31.051" classname="Test Cases/Navegador/Navegador" status="PASSED">
         <system-out><![CDATA[2023-01-28 14:04:53 - [TEST_CASE][PASSED] - Test Cases/Navegador/Navegador: Test Cases/Navegador/Navegador

2023-01-28 14:04:53 - [TEST_STEP][PASSED] - openBrowser("https://demoqa.com/automation-practice-form"): Browser is opened with url: 'https://demoqa.com/automation-practice-form'

2023-01-28 14:04:54 - [MESSAGE][INFO] - Starting 'Chrome' driver

2023-01-28 14:04:54 - [MESSAGE][INFO] - Action delay is set to 0 milliseconds

2023-01-28 14:05:16 - [MESSAGE][PASSED] - Browser is opened with url: 'https://demoqa.com/automation-practice-form'

2023-01-28 14:05:16 - [TEST_STEP][PASSED] - maximizeWindow(): Current window maximized

2023-01-28 14:05:17 - [MESSAGE][PASSED] - Current window maximized

2023-01-28 14:05:17 - [TEST_STEP][PASSED] - navigateToUrl("https://demoqa.com/browser-windows"): Navigate to 'https://demoqa.com/browser-windows' successfully

2023-01-28 14:05:20 - [MESSAGE][PASSED] - Navigate to 'https://demoqa.com/browser-windows' successfully

2023-01-28 14:05:20 - [TEST_STEP][PASSED] - page_url = getUrl(): Current window's url is: 'https://demoqa.com/browser-windows'

2023-01-28 14:05:20 - [MESSAGE][PASSED] - Current window's url is: 'https://demoqa.com/browser-windows'

2023-01-28 14:05:20 - [TEST_STEP][PASSED] - print(page_url): null

2023-01-28 14:05:20 - [TEST_STEP][PASSED] - back(): Navigate back successfully

2023-01-28 14:05:22 - [MESSAGE][PASSED] - Navigate back successfully

2023-01-28 14:05:22 - [TEST_STEP][PASSED] - refresh(): Refresh successfully

2023-01-28 14:05:23 - [MESSAGE][PASSED] - Refresh successfully

2023-01-28 14:05:23 - [TEST_STEP][PASSED] - page_title = getWindowTitle(): Current window's title is: 'DEMOQA'

2023-01-28 14:05:23 - [MESSAGE][PASSED] - Current window's title is: 'DEMOQA'

2023-01-28 14:05:23 - [TEST_STEP][PASSED] - print(page_title): null

2023-01-28 14:05:23 - [TEST_STEP][PASSED] - closeBrowser(): Browser is closed

2023-01-28 14:05:24 - [MESSAGE][PASSED] - Browser is closed]]></system-out>
         <system-err><![CDATA[]]></system-err>
      </testcase>
      <testcase name="Test Cases/Carga_1/Carga_1" time="7.255" classname="Test Cases/Carga_1/Carga_1" status="FAILED">
         <failure type="FAILED" message="Test Cases/Carga_1/Carga_1 FAILED.
Reason:
com.kms.katalon.core.exception.StepFailedException: Unable to upload file '/Users/gabrielcrooke/Katalon Studio/Sample - Web API Tests/imagenes/thumbnail.png' to object 'Object Repository/carga_1/Page_Upload a File/input_Upload a File_filename'
	at com.kms.katalon.core.webui.keyword.internal.WebUIKeywordMain.stepFailed(WebUIKeywordMain.groovy:64)
	at com.kms.katalon.core.webui.keyword.internal.WebUIKeywordMain.runKeyword(WebUIKeywordMain.groovy:26)
	at com.kms.katalon.core.webui.keyword.builtin.UploadFileKeyword.uploadFile(UploadFileKeyword.groovy:87)
	at com.kms.katalon.core.webui.keyword.builtin.UploadFileKeyword.execute(UploadFileKeyword.groovy:68)
	at com.kms.katalon.core.keyword.internal.KeywordExecutor.executeKeywordForPlatform(KeywordExecutor.groovy:74)
	at com.kms.katalon.core.webui.keyword.WebUiBuiltInKeywords.uploadFile(WebUiBuiltInKeywords.groovy:4031)
	at com.kms.katalon.core.webui.keyword.WebUiBuiltInKeywords$uploadFile$7.call(Unknown Source)
	at Carga_1.run(Carga_1:26)
	at com.kms.katalon.core.main.ScriptEngine.run(ScriptEngine.java:194)
	at com.kms.katalon.core.main.ScriptEngine.runScriptAsRawText(ScriptEngine.java:119)
	at com.kms.katalon.core.main.TestCaseExecutor.runScript(TestCaseExecutor.java:448)
	at com.kms.katalon.core.main.TestCaseExecutor.doExecute(TestCaseExecutor.java:439)
	at com.kms.katalon.core.main.TestCaseExecutor.processExecutionPhase(TestCaseExecutor.java:418)
	at com.kms.katalon.core.main.TestCaseExecutor.accessMainPhase(TestCaseExecutor.java:410)
	at com.kms.katalon.core.main.TestCaseExecutor.execute(TestCaseExecutor.java:285)
	at com.kms.katalon.core.common.CommonExecutor.accessTestCaseMainPhase(CommonExecutor.java:65)
	at com.kms.katalon.core.main.TestSuiteExecutor.accessTestSuiteMainPhase(TestSuiteExecutor.java:151)
	at com.kms.katalon.core.main.TestSuiteExecutor.execute(TestSuiteExecutor.java:106)
	at com.kms.katalon.core.main.TestCaseMain.startTestSuite(TestCaseMain.java:185)
	at com.kms.katalon.core.main.TestCaseMain$startTestSuite$0.call(Unknown Source)
	at TempTestSuite1674929075582.run(TempTestSuite1674929075582.groovy:36)
Caused by: org.openqa.selenium.InvalidArgumentException: invalid argument: File not found : /Users/gabrielcrooke/Katalon Studio/Sample - Web API Tests/imagenes/thumbnail.png
  (Session info: chrome=109.0.5414.119)
Build info: version: '3.141.59', revision: 'e82be7d358', time: '2018-11-14T08:25:53'
System info: host: 'Gabriels-MacBook-Pro.local', ip: 'fe80:0:0:0:85d:2438:7f5f:7340%en0', os.name: 'Mac OS X', os.arch: 'x86_64', os.version: '10.16', java.version: '1.8.0_275'
Driver info: com.kms.katalon.selenium.driver.CChromeDriver
Capabilities {acceptInsecureCerts: false, browserName: chrome, browserVersion: 109.0.5414.119, chrome: {chromedriverVersion: 109.0.5414.74 (e7c5703604da..., userDataDir: /var/folders/rk/qtfk8trs20g...}, goog:chromeOptions: {debuggerAddress: localhost:64221}, javascriptEnabled: true, networkConnectionEnabled: false, pageLoadStrategy: normal, platform: MAC, platformName: MAC, proxy: Proxy(), setWindowRect: true, strictFileInteractability: false, timeouts: {implicit: 0, pageLoad: 300000, script: 30000}, unhandledPromptBehavior: dismiss and notify, webauthn:extension:credBlob: true, webauthn:extension:largeBlob: true, webauthn:virtualAuthenticators: true}
Session ID: 9a2a0eb04b8774ab0200e3d80bf56b26
	at org.openqa.selenium.remote.http.W3CHttpResponseCodec.createException(W3CHttpResponseCodec.java:187)
	at org.openqa.selenium.remote.http.W3CHttpResponseCodec.decode(W3CHttpResponseCodec.java:122)
	at org.openqa.selenium.remote.http.W3CHttpResponseCodec.decode(W3CHttpResponseCodec.java:49)
	at org.openqa.selenium.remote.HttpCommandExecutor.execute(HttpCommandExecutor.java:158)
	at org.openqa.selenium.remote.service.DriverCommandExecutor.execute(DriverCommandExecutor.java:83)
	at org.openqa.selenium.remote.RemoteWebDriver.execute(RemoteWebDriver.java:552)
	at com.kms.katalon.selenium.driver.CChromeDriver.execute(CChromeDriver.java:19)
	at org.openqa.selenium.remote.RemoteWebElement.execute(RemoteWebElement.java:285)
	at org.openqa.selenium.remote.RemoteWebElement.sendKeys(RemoteWebElement.java:106)
	at org.openqa.selenium.support.events.EventFiringWebDriver$EventFiringWebElement.lambda$new$0(EventFiringWebDriver.java:404)
	at com.sun.proxy.$Proxy12.sendKeys(Unknown Source)
	at org.openqa.selenium.support.events.EventFiringWebDriver$EventFiringWebElement.sendKeys(EventFiringWebDriver.java:429)
	at com.kms.katalon.core.webui.keyword.builtin.UploadFileKeyword$_uploadFile_closure1.doCall(UploadFileKeyword.groovy:80)
	at com.kms.katalon.core.webui.keyword.builtin.UploadFileKeyword$_uploadFile_closure1.call(UploadFileKeyword.groovy)
	at com.kms.katalon.core.webui.keyword.internal.WebUIKeywordMain.runKeyword(WebUIKeywordMain.groovy:20)
	... 19 more
"/>
         <system-out><![CDATA[2023-01-28 14:05:24 - [TEST_CASE][FAILED] - Test Cases/Carga_1/Carga_1: Test Cases/Carga_1/Carga_1 FAILED.
Reason:
com.kms.katalon.core.exception.StepFailedException: Unable to upload file '/Users/gabrielcrooke/Katalon Studio/Sample - Web API Tests/imagenes/thumbnail.png' to object 'Object Repository/carga_1/Page_Upload a File/input_Upload a File_filename'
	at com.kms.katalon.core.webui.keyword.internal.WebUIKeywordMain.stepFailed(WebUIKeywordMain.groovy:64)
	at com.kms.katalon.core.webui.keyword.internal.WebUIKeywordMain.runKeyword(WebUIKeywordMain.groovy:26)
	at com.kms.katalon.core.webui.keyword.builtin.UploadFileKeyword.uploadFile(UploadFileKeyword.groovy:87)
	at com.kms.katalon.core.webui.keyword.builtin.UploadFileKeyword.execute(UploadFileKeyword.groovy:68)
	at com.kms.katalon.core.keyword.internal.KeywordExecutor.executeKeywordForPlatform(KeywordExecutor.groovy:74)
	at com.kms.katalon.core.webui.keyword.WebUiBuiltInKeywords.uploadFile(WebUiBuiltInKeywords.groovy:4031)
	at com.kms.katalon.core.webui.keyword.WebUiBuiltInKeywords$uploadFile$7.call(Unknown Source)
	at Carga_1.run(Carga_1:26)
	at com.kms.katalon.core.main.ScriptEngine.run(ScriptEngine.java:194)
	at com.kms.katalon.core.main.ScriptEngine.runScriptAsRawText(ScriptEngine.java:119)
	at com.kms.katalon.core.main.TestCaseExecutor.runScript(TestCaseExecutor.java:448)
	at com.kms.katalon.core.main.TestCaseExecutor.doExecute(TestCaseExecutor.java:439)
	at com.kms.katalon.core.main.TestCaseExecutor.processExecutionPhase(TestCaseExecutor.java:418)
	at com.kms.katalon.core.main.TestCaseExecutor.accessMainPhase(TestCaseExecutor.java:410)
	at com.kms.katalon.core.main.TestCaseExecutor.execute(TestCaseExecutor.java:285)
	at com.kms.katalon.core.common.CommonExecutor.accessTestCaseMainPhase(CommonExecutor.java:65)
	at com.kms.katalon.core.main.TestSuiteExecutor.accessTestSuiteMainPhase(TestSuiteExecutor.java:151)
	at com.kms.katalon.core.main.TestSuiteExecutor.execute(TestSuiteExecutor.java:106)
	at com.kms.katalon.core.main.TestCaseMain.startTestSuite(TestCaseMain.java:185)
	at com.kms.katalon.core.main.TestCaseMain$startTestSuite$0.call(Unknown Source)
	at TempTestSuite1674929075582.run(TempTestSuite1674929075582.groovy:36)
Caused by: org.openqa.selenium.InvalidArgumentException: invalid argument: File not found : /Users/gabrielcrooke/Katalon Studio/Sample - Web API Tests/imagenes/thumbnail.png
  (Session info: chrome=109.0.5414.119)
Build info: version: '3.141.59', revision: 'e82be7d358', time: '2018-11-14T08:25:53'
System info: host: 'Gabriels-MacBook-Pro.local', ip: 'fe80:0:0:0:85d:2438:7f5f:7340%en0', os.name: 'Mac OS X', os.arch: 'x86_64', os.version: '10.16', java.version: '1.8.0_275'
Driver info: com.kms.katalon.selenium.driver.CChromeDriver
Capabilities {acceptInsecureCerts: false, browserName: chrome, browserVersion: 109.0.5414.119, chrome: {chromedriverVersion: 109.0.5414.74 (e7c5703604da..., userDataDir: /var/folders/rk/qtfk8trs20g...}, goog:chromeOptions: {debuggerAddress: localhost:64221}, javascriptEnabled: true, networkConnectionEnabled: false, pageLoadStrategy: normal, platform: MAC, platformName: MAC, proxy: Proxy(), setWindowRect: true, strictFileInteractability: false, timeouts: {implicit: 0, pageLoad: 300000, script: 30000}, unhandledPromptBehavior: dismiss and notify, webauthn:extension:credBlob: true, webauthn:extension:largeBlob: true, webauthn:virtualAuthenticators: true}
Session ID: 9a2a0eb04b8774ab0200e3d80bf56b26
	at org.openqa.selenium.remote.http.W3CHttpResponseCodec.createException(W3CHttpResponseCodec.java:187)
	at org.openqa.selenium.remote.http.W3CHttpResponseCodec.decode(W3CHttpResponseCodec.java:122)
	at org.openqa.selenium.remote.http.W3CHttpResponseCodec.decode(W3CHttpResponseCodec.java:49)
	at org.openqa.selenium.remote.HttpCommandExecutor.execute(HttpCommandExecutor.java:158)
	at org.openqa.selenium.remote.service.DriverCommandExecutor.execute(DriverCommandExecutor.java:83)
	at org.openqa.selenium.remote.RemoteWebDriver.execute(RemoteWebDriver.java:552)
	at com.kms.katalon.selenium.driver.CChromeDriver.execute(CChromeDriver.java:19)
	at org.openqa.selenium.remote.RemoteWebElement.execute(RemoteWebElement.java:285)
	at org.openqa.selenium.remote.RemoteWebElement.sendKeys(RemoteWebElement.java:106)
	at org.openqa.selenium.support.events.EventFiringWebDriver$EventFiringWebElement.lambda$new$0(EventFiringWebDriver.java:404)
	at com.sun.proxy.$Proxy12.sendKeys(Unknown Source)
	at org.openqa.selenium.support.events.EventFiringWebDriver$EventFiringWebElement.sendKeys(EventFiringWebDriver.java:429)
	at com.kms.katalon.core.webui.keyword.builtin.UploadFileKeyword$_uploadFile_closure1.doCall(UploadFileKeyword.groovy:80)
	at com.kms.katalon.core.webui.keyword.builtin.UploadFileKeyword$_uploadFile_closure1.call(UploadFileKeyword.groovy)
	at com.kms.katalon.core.webui.keyword.internal.WebUIKeywordMain.runKeyword(WebUIKeywordMain.groovy:20)
	... 19 more


2023-01-28 14:05:25 - [TEST_STEP][PASSED] - openBrowser(""): Browser is opened with url: ''

2023-01-28 14:05:25 - [MESSAGE][INFO] - Starting 'Chrome' driver

2023-01-28 14:05:25 - [MESSAGE][INFO] - Action delay is set to 0 milliseconds

2023-01-28 14:05:28 - [MESSAGE][PASSED] - Browser is opened with url: ''

2023-01-28 14:05:28 - [TEST_STEP][PASSED] - navigateToUrl("https://testpages.herokuapp.com/styled/file-upload-test.html"): Navigate to 'https://testpages.herokuapp.com/styled/file-upload-test.html' successfully

2023-01-28 14:05:29 - [MESSAGE][PASSED] - Navigate to 'https://testpages.herokuapp.com/styled/file-upload-test.html' successfully

2023-01-28 14:05:29 - [TEST_STEP][PASSED] - maximizeWindow(): Current window maximized

2023-01-28 14:05:30 - [MESSAGE][PASSED] - Current window maximized

2023-01-28 14:05:30 - [TEST_STEP][FAILED] - uploadFile(findTestObject("carga_1/Page_Upload a File/input_Upload a File_filename"), "/Users/gabrielcrooke/Katalon Studio/Sample - Web API Tests/imagenes/thumbnail.png"): Unable to upload file '/Users/gabrielcrooke/Katalon Studio/Sample - Web API Tests/imagenes/thumbnail.png' to object 'Object Repository/carga_1/Page_Upload a File/input_Upload a File_filename' (Root cause: com.kms.katalon.core.exception.StepFailedException: Unable to upload file '/Users/gabrielcrooke/Katalon Studio/Sample - Web API Tests/imagenes/thumbnail.png' to object 'Object Repository/carga_1/Page_Upload a File/input_Upload a File_filename'
	at com.kms.katalon.core.webui.keyword.internal.WebUIKeywordMain.stepFailed(WebUIKeywordMain.groovy:64)
	at com.kms.katalon.core.webui.keyword.internal.WebUIKeywordMain.runKeyword(WebUIKeywordMain.groovy:26)
	at com.kms.katalon.core.webui.keyword.builtin.UploadFileKeyword.uploadFile(UploadFileKeyword.groovy:87)
	at com.kms.katalon.core.webui.keyword.builtin.UploadFileKeyword.execute(UploadFileKeyword.groovy:68)
	at com.kms.katalon.core.keyword.internal.KeywordExecutor.executeKeywordForPlatform(KeywordExecutor.groovy:74)
	at com.kms.katalon.core.webui.keyword.WebUiBuiltInKeywords.uploadFile(WebUiBuiltInKeywords.groovy:4031)
	at com.kms.katalon.core.webui.keyword.WebUiBuiltInKeywords$uploadFile$7.call(Unknown Source)
	at Carga_1.run(Carga_1:26)
	at com.kms.katalon.core.main.ScriptEngine.run(ScriptEngine.java:194)
	at com.kms.katalon.core.main.ScriptEngine.runScriptAsRawText(ScriptEngine.java:119)
	at com.kms.katalon.core.main.TestCaseExecutor.runScript(TestCaseExecutor.java:448)
	at com.kms.katalon.core.main.TestCaseExecutor.doExecute(TestCaseExecutor.java:439)
	at com.kms.katalon.core.main.TestCaseExecutor.processExecutionPhase(TestCaseExecutor.java:418)
	at com.kms.katalon.core.main.TestCaseExecutor.accessMainPhase(TestCaseExecutor.java:410)
	at com.kms.katalon.core.main.TestCaseExecutor.execute(TestCaseExecutor.java:285)
	at com.kms.katalon.core.common.CommonExecutor.accessTestCaseMainPhase(CommonExecutor.java:65)
	at com.kms.katalon.core.main.TestSuiteExecutor.accessTestSuiteMainPhase(TestSuiteExecutor.java:151)
	at com.kms.katalon.core.main.TestSuiteExecutor.execute(TestSuiteExecutor.java:106)
	at com.kms.katalon.core.main.TestCaseMain.startTestSuite(TestCaseMain.java:185)
	at com.kms.katalon.core.main.TestCaseMain$startTestSuite$0.call(Unknown Source)
	at TempTestSuite1674929075582.run(TempTestSuite1674929075582.groovy:36)
Caused by: org.openqa.selenium.InvalidArgumentException: invalid argument: File not found : /Users/gabrielcrooke/Katalon Studio/Sample - Web API Tests/imagenes/thumbnail.png
  (Session info: chrome=109.0.5414.119)
Build info: version: '3.141.59', revision: 'e82be7d358', time: '2018-11-14T08:25:53'
System info: host: 'Gabriels-MacBook-Pro.local', ip: 'fe80:0:0:0:85d:2438:7f5f:7340%en0', os.name: 'Mac OS X', os.arch: 'x86_64', os.version: '10.16', java.version: '1.8.0_275'
Driver info: com.kms.katalon.selenium.driver.CChromeDriver
Capabilities {acceptInsecureCerts: false, browserName: chrome, browserVersion: 109.0.5414.119, chrome: {chromedriverVersion: 109.0.5414.74 (e7c5703604da..., userDataDir: /var/folders/rk/qtfk8trs20g...}, goog:chromeOptions: {debuggerAddress: localhost:64221}, javascriptEnabled: true, networkConnectionEnabled: false, pageLoadStrategy: normal, platform: MAC, platformName: MAC, proxy: Proxy(), setWindowRect: true, strictFileInteractability: false, timeouts: {implicit: 0, pageLoad: 300000, script: 30000}, unhandledPromptBehavior: dismiss and notify, webauthn:extension:credBlob: true, webauthn:extension:largeBlob: true, webauthn:virtualAuthenticators: true}
Session ID: 9a2a0eb04b8774ab0200e3d80bf56b26
	at org.openqa.selenium.remote.http.W3CHttpResponseCodec.createException(W3CHttpResponseCodec.java:187)
	at org.openqa.selenium.remote.http.W3CHttpResponseCodec.decode(W3CHttpResponseCodec.java:122)
	at org.openqa.selenium.remote.http.W3CHttpResponseCodec.decode(W3CHttpResponseCodec.java:49)
	at org.openqa.selenium.remote.HttpCommandExecutor.execute(HttpCommandExecutor.java:158)
	at org.openqa.selenium.remote.service.DriverCommandExecutor.execute(DriverCommandExecutor.java:83)
	at org.openqa.selenium.remote.RemoteWebDriver.execute(RemoteWebDriver.java:552)
	at com.kms.katalon.selenium.driver.CChromeDriver.execute(CChromeDriver.java:19)
	at org.openqa.selenium.remote.RemoteWebElement.execute(RemoteWebElement.java:285)
	at org.openqa.selenium.remote.RemoteWebElement.sendKeys(RemoteWebElement.java:106)
	at org.openqa.selenium.support.events.EventFiringWebDriver$EventFiringWebElement.lambda$new$0(EventFiringWebDriver.java:404)
	at com.sun.proxy.$Proxy12.sendKeys(Unknown Source)
	at org.openqa.selenium.support.events.EventFiringWebDriver$EventFiringWebElement.sendKeys(EventFiringWebDriver.java:429)
	at com.kms.katalon.core.webui.keyword.builtin.UploadFileKeyword$_uploadFile_closure1.doCall(UploadFileKeyword.groovy:80)
	at com.kms.katalon.core.webui.keyword.builtin.UploadFileKeyword$_uploadFile_closure1.call(UploadFileKeyword.groovy)
	at com.kms.katalon.core.webui.keyword.internal.WebUIKeywordMain.runKeyword(WebUIKeywordMain.groovy:20)
	at com.kms.katalon.core.webui.keyword.builtin.UploadFileKeyword.uploadFile(UploadFileKeyword.groovy:87)
	at com.kms.katalon.core.webui.keyword.builtin.UploadFileKeyword.execute(UploadFileKeyword.groovy:68)
	at com.kms.katalon.core.keyword.internal.KeywordExecutor.executeKeywordForPlatform(KeywordExecutor.groovy:74)
	at com.kms.katalon.core.webui.keyword.WebUiBuiltInKeywords.uploadFile(WebUiBuiltInKeywords.groovy:4031)
	at com.kms.katalon.core.webui.keyword.WebUiBuiltInKeywords$uploadFile$7.call(Unknown Source)
	at Script1671044061746.run(Script1671044061746.groovy:26)
	... 13 more
)

2023-01-28 14:05:31 - [MESSAGE][FAILED] - Unable to upload file '/Users/gabrielcrooke/Katalon Studio/Sample - Web API Tests/imagenes/thumbnail.png' to object 'Object Repository/carga_1/Page_Upload a File/input_Upload a File_filename' (Root cause: com.kms.katalon.core.exception.StepFailedException: Unable to upload file '/Users/gabrielcrooke/Katalon Studio/Sample - Web API Tests/imagenes/thumbnail.png' to object 'Object Repository/carga_1/Page_Upload a File/input_Upload a File_filename'
	at com.kms.katalon.core.webui.keyword.internal.WebUIKeywordMain.stepFailed(WebUIKeywordMain.groovy:64)
	at com.kms.katalon.core.webui.keyword.internal.WebUIKeywordMain.runKeyword(WebUIKeywordMain.groovy:26)
	at com.kms.katalon.core.webui.keyword.builtin.UploadFileKeyword.uploadFile(UploadFileKeyword.groovy:87)
	at com.kms.katalon.core.webui.keyword.builtin.UploadFileKeyword.execute(UploadFileKeyword.groovy:68)
	at com.kms.katalon.core.keyword.internal.KeywordExecutor.executeKeywordForPlatform(KeywordExecutor.groovy:74)
	at com.kms.katalon.core.webui.keyword.WebUiBuiltInKeywords.uploadFile(WebUiBuiltInKeywords.groovy:4031)
	at com.kms.katalon.core.webui.keyword.WebUiBuiltInKeywords$uploadFile$7.call(Unknown Source)
	at Carga_1.run(Carga_1:26)
	at com.kms.katalon.core.main.ScriptEngine.run(ScriptEngine.java:194)
	at com.kms.katalon.core.main.ScriptEngine.runScriptAsRawText(ScriptEngine.java:119)
	at com.kms.katalon.core.main.TestCaseExecutor.runScript(TestCaseExecutor.java:448)
	at com.kms.katalon.core.main.TestCaseExecutor.doExecute(TestCaseExecutor.java:439)
	at com.kms.katalon.core.main.TestCaseExecutor.processExecutionPhase(TestCaseExecutor.java:418)
	at com.kms.katalon.core.main.TestCaseExecutor.accessMainPhase(TestCaseExecutor.java:410)
	at com.kms.katalon.core.main.TestCaseExecutor.execute(TestCaseExecutor.java:285)
	at com.kms.katalon.core.common.CommonExecutor.accessTestCaseMainPhase(CommonExecutor.java:65)
	at com.kms.katalon.core.main.TestSuiteExecutor.accessTestSuiteMainPhase(TestSuiteExecutor.java:151)
	at com.kms.katalon.core.main.TestSuiteExecutor.execute(TestSuiteExecutor.java:106)
	at com.kms.katalon.core.main.TestCaseMain.startTestSuite(TestCaseMain.java:185)
	at com.kms.katalon.core.main.TestCaseMain$startTestSuite$0.call(Unknown Source)
	at TempTestSuite1674929075582.run(TempTestSuite1674929075582.groovy:36)
Caused by: org.openqa.selenium.InvalidArgumentException: invalid argument: File not found : /Users/gabrielcrooke/Katalon Studio/Sample - Web API Tests/imagenes/thumbnail.png
  (Session info: chrome=109.0.5414.119)
Build info: version: '3.141.59', revision: 'e82be7d358', time: '2018-11-14T08:25:53'
System info: host: 'Gabriels-MacBook-Pro.local', ip: 'fe80:0:0:0:85d:2438:7f5f:7340%en0', os.name: 'Mac OS X', os.arch: 'x86_64', os.version: '10.16', java.version: '1.8.0_275'
Driver info: com.kms.katalon.selenium.driver.CChromeDriver
Capabilities {acceptInsecureCerts: false, browserName: chrome, browserVersion: 109.0.5414.119, chrome: {chromedriverVersion: 109.0.5414.74 (e7c5703604da..., userDataDir: /var/folders/rk/qtfk8trs20g...}, goog:chromeOptions: {debuggerAddress: localhost:64221}, javascriptEnabled: true, networkConnectionEnabled: false, pageLoadStrategy: normal, platform: MAC, platformName: MAC, proxy: Proxy(), setWindowRect: true, strictFileInteractability: false, timeouts: {implicit: 0, pageLoad: 300000, script: 30000}, unhandledPromptBehavior: dismiss and notify, webauthn:extension:credBlob: true, webauthn:extension:largeBlob: true, webauthn:virtualAuthenticators: true}
Session ID: 9a2a0eb04b8774ab0200e3d80bf56b26
	at org.openqa.selenium.remote.http.W3CHttpResponseCodec.createException(W3CHttpResponseCodec.java:187)
	at org.openqa.selenium.remote.http.W3CHttpResponseCodec.decode(W3CHttpResponseCodec.java:122)
	at org.openqa.selenium.remote.http.W3CHttpResponseCodec.decode(W3CHttpResponseCodec.java:49)
	at org.openqa.selenium.remote.HttpCommandExecutor.execute(HttpCommandExecutor.java:158)
	at org.openqa.selenium.remote.service.DriverCommandExecutor.execute(DriverCommandExecutor.java:83)
	at org.openqa.selenium.remote.RemoteWebDriver.execute(RemoteWebDriver.java:552)
	at com.kms.katalon.selenium.driver.CChromeDriver.execute(CChromeDriver.java:19)
	at org.openqa.selenium.remote.RemoteWebElement.execute(RemoteWebElement.java:285)
	at org.openqa.selenium.remote.RemoteWebElement.sendKeys(RemoteWebElement.java:106)
	at org.openqa.selenium.support.events.EventFiringWebDriver$EventFiringWebElement.lambda$new$0(EventFiringWebDriver.java:404)
	at com.sun.proxy.$Proxy12.sendKeys(Unknown Source)
	at org.openqa.selenium.support.events.EventFiringWebDriver$EventFiringWebElement.sendKeys(EventFiringWebDriver.java:429)
	at com.kms.katalon.core.webui.keyword.builtin.UploadFileKeyword$_uploadFile_closure1.doCall(UploadFileKeyword.groovy:80)
	at com.kms.katalon.core.webui.keyword.builtin.UploadFileKeyword$_uploadFile_closure1.call(UploadFileKeyword.groovy)
	at com.kms.katalon.core.webui.keyword.internal.WebUIKeywordMain.runKeyword(WebUIKeywordMain.groovy:20)
	at com.kms.katalon.core.webui.keyword.builtin.UploadFileKeyword.uploadFile(UploadFileKeyword.groovy:87)
	at com.kms.katalon.core.webui.keyword.builtin.UploadFileKeyword.execute(UploadFileKeyword.groovy:68)
	at com.kms.katalon.core.keyword.internal.KeywordExecutor.executeKeywordForPlatform(KeywordExecutor.groovy:74)
	at com.kms.katalon.core.webui.keyword.WebUiBuiltInKeywords.uploadFile(WebUiBuiltInKeywords.groovy:4031)
	at com.kms.katalon.core.webui.keyword.WebUiBuiltInKeywords$uploadFile$7.call(Unknown Source)
	at Script1671044061746.run(Script1671044061746.groovy:26)
	... 13 more
)
[[ATTACHMENT|/Users/gabrielcrooke/KatalonProject/Reports/20230128_140414/Test_suite_1/20230128_140435/1674929130908.png]]]]></system-out>
         <system-err><![CDATA[2023-01-28 14:05:24 - [TEST_CASE][FAILED] - Test Cases/Carga_1/Carga_1: Test Cases/Carga_1/Carga_1 FAILED.
Reason:
com.kms.katalon.core.exception.StepFailedException: Unable to upload file '/Users/gabrielcrooke/Katalon Studio/Sample - Web API Tests/imagenes/thumbnail.png' to object 'Object Repository/carga_1/Page_Upload a File/input_Upload a File_filename'
	at com.kms.katalon.core.webui.keyword.internal.WebUIKeywordMain.stepFailed(WebUIKeywordMain.groovy:64)
	at com.kms.katalon.core.webui.keyword.internal.WebUIKeywordMain.runKeyword(WebUIKeywordMain.groovy:26)
	at com.kms.katalon.core.webui.keyword.builtin.UploadFileKeyword.uploadFile(UploadFileKeyword.groovy:87)
	at com.kms.katalon.core.webui.keyword.builtin.UploadFileKeyword.execute(UploadFileKeyword.groovy:68)
	at com.kms.katalon.core.keyword.internal.KeywordExecutor.executeKeywordForPlatform(KeywordExecutor.groovy:74)
	at com.kms.katalon.core.webui.keyword.WebUiBuiltInKeywords.uploadFile(WebUiBuiltInKeywords.groovy:4031)
	at com.kms.katalon.core.webui.keyword.WebUiBuiltInKeywords$uploadFile$7.call(Unknown Source)
	at Carga_1.run(Carga_1:26)
	at com.kms.katalon.core.main.ScriptEngine.run(ScriptEngine.java:194)
	at com.kms.katalon.core.main.ScriptEngine.runScriptAsRawText(ScriptEngine.java:119)
	at com.kms.katalon.core.main.TestCaseExecutor.runScript(TestCaseExecutor.java:448)
	at com.kms.katalon.core.main.TestCaseExecutor.doExecute(TestCaseExecutor.java:439)
	at com.kms.katalon.core.main.TestCaseExecutor.processExecutionPhase(TestCaseExecutor.java:418)
	at com.kms.katalon.core.main.TestCaseExecutor.accessMainPhase(TestCaseExecutor.java:410)
	at com.kms.katalon.core.main.TestCaseExecutor.execute(TestCaseExecutor.java:285)
	at com.kms.katalon.core.common.CommonExecutor.accessTestCaseMainPhase(CommonExecutor.java:65)
	at com.kms.katalon.core.main.TestSuiteExecutor.accessTestSuiteMainPhase(TestSuiteExecutor.java:151)
	at com.kms.katalon.core.main.TestSuiteExecutor.execute(TestSuiteExecutor.java:106)
	at com.kms.katalon.core.main.TestCaseMain.startTestSuite(TestCaseMain.java:185)
	at com.kms.katalon.core.main.TestCaseMain$startTestSuite$0.call(Unknown Source)
	at TempTestSuite1674929075582.run(TempTestSuite1674929075582.groovy:36)
Caused by: org.openqa.selenium.InvalidArgumentException: invalid argument: File not found : /Users/gabrielcrooke/Katalon Studio/Sample - Web API Tests/imagenes/thumbnail.png
  (Session info: chrome=109.0.5414.119)
Build info: version: '3.141.59', revision: 'e82be7d358', time: '2018-11-14T08:25:53'
System info: host: 'Gabriels-MacBook-Pro.local', ip: 'fe80:0:0:0:85d:2438:7f5f:7340%en0', os.name: 'Mac OS X', os.arch: 'x86_64', os.version: '10.16', java.version: '1.8.0_275'
Driver info: com.kms.katalon.selenium.driver.CChromeDriver
Capabilities {acceptInsecureCerts: false, browserName: chrome, browserVersion: 109.0.5414.119, chrome: {chromedriverVersion: 109.0.5414.74 (e7c5703604da..., userDataDir: /var/folders/rk/qtfk8trs20g...}, goog:chromeOptions: {debuggerAddress: localhost:64221}, javascriptEnabled: true, networkConnectionEnabled: false, pageLoadStrategy: normal, platform: MAC, platformName: MAC, proxy: Proxy(), setWindowRect: true, strictFileInteractability: false, timeouts: {implicit: 0, pageLoad: 300000, script: 30000}, unhandledPromptBehavior: dismiss and notify, webauthn:extension:credBlob: true, webauthn:extension:largeBlob: true, webauthn:virtualAuthenticators: true}
Session ID: 9a2a0eb04b8774ab0200e3d80bf56b26
	at org.openqa.selenium.remote.http.W3CHttpResponseCodec.createException(W3CHttpResponseCodec.java:187)
	at org.openqa.selenium.remote.http.W3CHttpResponseCodec.decode(W3CHttpResponseCodec.java:122)
	at org.openqa.selenium.remote.http.W3CHttpResponseCodec.decode(W3CHttpResponseCodec.java:49)
	at org.openqa.selenium.remote.HttpCommandExecutor.execute(HttpCommandExecutor.java:158)
	at org.openqa.selenium.remote.service.DriverCommandExecutor.execute(DriverCommandExecutor.java:83)
	at org.openqa.selenium.remote.RemoteWebDriver.execute(RemoteWebDriver.java:552)
	at com.kms.katalon.selenium.driver.CChromeDriver.execute(CChromeDriver.java:19)
	at org.openqa.selenium.remote.RemoteWebElement.execute(RemoteWebElement.java:285)
	at org.openqa.selenium.remote.RemoteWebElement.sendKeys(RemoteWebElement.java:106)
	at org.openqa.selenium.support.events.EventFiringWebDriver$EventFiringWebElement.lambda$new$0(EventFiringWebDriver.java:404)
	at com.sun.proxy.$Proxy12.sendKeys(Unknown Source)
	at org.openqa.selenium.support.events.EventFiringWebDriver$EventFiringWebElement.sendKeys(EventFiringWebDriver.java:429)
	at com.kms.katalon.core.webui.keyword.builtin.UploadFileKeyword$_uploadFile_closure1.doCall(UploadFileKeyword.groovy:80)
	at com.kms.katalon.core.webui.keyword.builtin.UploadFileKeyword$_uploadFile_closure1.call(UploadFileKeyword.groovy)
	at com.kms.katalon.core.webui.keyword.internal.WebUIKeywordMain.runKeyword(WebUIKeywordMain.groovy:20)
	... 19 more]]></system-err>
      </testcase>
      <testcase name="Test Cases/Reto_3/Reto_3" time="17.17" classname="Test Cases/Reto_3/Reto_3" status="PASSED">
         <system-out><![CDATA[2023-01-28 14:05:31 - [TEST_CASE][PASSED] - Test Cases/Reto_3/Reto_3: Test Cases/Reto_3/Reto_3

2023-01-28 14:05:32 - [TEST_STEP][PASSED] - openBrowser(""): Browser is opened with url: ''

2023-01-28 14:05:32 - [MESSAGE][WARNING] - A browser is already opened. Closing browser and opening a new one

2023-01-28 14:05:32 - [MESSAGE][INFO] - Starting 'Chrome' driver

2023-01-28 14:05:32 - [MESSAGE][INFO] - Action delay is set to 0 milliseconds

2023-01-28 14:05:35 - [MESSAGE][PASSED] - Browser is opened with url: ''

2023-01-28 14:05:35 - [TEST_STEP][PASSED] - navigateToUrl("https://testingqarvn.com.es/datos-personales/"): Navigate to 'https://testingqarvn.com.es/datos-personales/' successfully

2023-01-28 14:05:37 - [MESSAGE][PASSED] - Navigate to 'https://testingqarvn.com.es/datos-personales/' successfully

2023-01-28 14:05:37 - [TEST_STEP][PASSED] - maximizeWindow(): Current window maximized

2023-01-28 14:05:38 - [MESSAGE][PASSED] - Current window maximized

2023-01-28 14:05:38 - [TEST_STEP][PASSED] - scrollToPosition(0, 600): Browser is scrolled to position x = 0, y = 600

2023-01-28 14:05:38 - [MESSAGE][PASSED] - Browser is scrolled to position x = 0, y = 600

2023-01-28 14:05:38 - [TEST_STEP][PASSED] - verifyElementText(findTestObject("Object Repository/Reto_3/Page_Datos Personales  TestingQaRvn/h2_Datos Personales Bsicos"), "Datos Personales BÃ¡sicos"): Actual text and expected text of test object 'Object Repository/Reto_3/Page_Datos Personales  TestingQaRvn/h2_Datos Personales Bsicos' are matched.

2023-01-28 14:05:39 - [MESSAGE][PASSED] - Actual text and expected text of test object 'Object Repository/Reto_3/Page_Datos Personales  TestingQaRvn/h2_Datos Personales Bsicos' are matched.

2023-01-28 14:05:39 - [TEST_STEP][PASSED] - setText(findTestObject("Object Repository/Reto_3/Page_Datos Personales  TestingQaRvn/input_Nombre_field_21"), "Tester New"): Text 'Tester New' is set on object 'Object Repository/Reto_3/Page_Datos Personales  TestingQaRvn/input_Nombre_field_21'

2023-01-28 14:05:40 - [MESSAGE][PASSED] - Text 'Tester New' is set on object 'Object Repository/Reto_3/Page_Datos Personales  TestingQaRvn/input_Nombre_field_21'

2023-01-28 14:05:40 - [TEST_STEP][PASSED] - setText(findTestObject("Object Repository/Reto_3/Page_Datos Personales  TestingQaRvn/input_Apellidos_field_22"), "Automate"): Text 'Automate' is set on object 'Object Repository/Reto_3/Page_Datos Personales  TestingQaRvn/input_Apellidos_field_22'

2023-01-28 14:05:44 - [MESSAGE][PASSED] - Text 'Automate' is set on object 'Object Repository/Reto_3/Page_Datos Personales  TestingQaRvn/input_Apellidos_field_22'

2023-01-28 14:05:44 - [TEST_STEP][PASSED] - setText(findTestObject("Object Repository/Reto_3/Page_Datos Personales  TestingQaRvn/input_Email_field_23"), "prueba@hotmail.com"): Text 'prueba@hotmail.com' is set on object 'Object Repository/Reto_3/Page_Datos Personales  TestingQaRvn/input_Email_field_23'

2023-01-28 14:05:45 - [MESSAGE][PASSED] - Text 'prueba@hotmail.com' is set on object 'Object Repository/Reto_3/Page_Datos Personales  TestingQaRvn/input_Email_field_23'

2023-01-28 14:05:45 - [TEST_STEP][PASSED] - setText(findTestObject("Object Repository/Reto_3/Page_Datos Personales  TestingQaRvn/input_Phone_field_24"), "8098879879"): Text '8098879879' is set on object 'Object Repository/Reto_3/Page_Datos Personales  TestingQaRvn/input_Phone_field_24'

2023-01-28 14:05:46 - [MESSAGE][PASSED] - Text '8098879879' is set on object 'Object Repository/Reto_3/Page_Datos Personales  TestingQaRvn/input_Phone_field_24'

2023-01-28 14:05:46 - [TEST_STEP][PASSED] - setText(findTestObject("Object Repository/Reto_3/Page_Datos Personales  TestingQaRvn/textarea_Direccin_field_28"), "Direccion 1"): Text 'Direccion 1' is set on object 'Object Repository/Reto_3/Page_Datos Personales  TestingQaRvn/textarea_Direccin_field_28'

2023-01-28 14:05:47 - [MESSAGE][PASSED] - Text 'Direccion 1' is set on object 'Object Repository/Reto_3/Page_Datos Personales  TestingQaRvn/textarea_Direccin_field_28'

2023-01-28 14:05:47 - [TEST_STEP][PASSED] - click(findTestObject("Object Repository/Reto_3/Page_Datos Personales  TestingQaRvn/button_Submit")): Object: 'Object Repository/Reto_3/Page_Datos Personales  TestingQaRvn/button_Submit' is clicked on

2023-01-28 14:05:48 - [MESSAGE][PASSED] - Object: 'Object Repository/Reto_3/Page_Datos Personales  TestingQaRvn/button_Submit' is clicked on

2023-01-28 14:05:48 - [TEST_STEP][PASSED] - closeBrowser(): Browser is closed

2023-01-28 14:05:48 - [MESSAGE][PASSED] - Browser is closed]]></system-out>
         <system-err><![CDATA[]]></system-err>
      </testcase>
      <testcase name="Test Cases/Set_text_Combo_texto/Set_text_Combo_texto" time="25.615" classname="Test Cases/Set_text_Combo_texto/Set_text_Combo_texto" status="PASSED">
         <system-out><![CDATA[2023-01-28 14:05:49 - [TEST_CASE][PASSED] - Test Cases/Set_text_Combo_texto/Set_text_Combo_texto: Test Cases/Set_text_Combo_texto/Set_text_Combo_texto

2023-01-28 14:05:50 - [TEST_STEP][PASSED] - openBrowser(""): Browser is opened with url: ''

2023-01-28 14:05:50 - [MESSAGE][INFO] - Starting 'Chrome' driver

2023-01-28 14:05:50 - [MESSAGE][INFO] - Action delay is set to 0 milliseconds

2023-01-28 14:05:54 - [MESSAGE][PASSED] - Browser is opened with url: ''

2023-01-28 14:05:54 - [TEST_STEP][PASSED] - navigateToUrl("https://demoqa.com/automation-practice-form"): Navigate to 'https://demoqa.com/automation-practice-form' successfully

2023-01-28 14:06:01 - [MESSAGE][PASSED] - Navigate to 'https://demoqa.com/automation-practice-form' successfully

2023-01-28 14:06:01 - [TEST_STEP][PASSED] - click(findTestObject("Object Repository/set_text_combo_texto/Page_ToolsQA/input_Name_firstName")): Object: 'Object Repository/set_text_combo_texto/Page_ToolsQA/input_Name_firstName' is clicked on

2023-01-28 14:06:02 - [MESSAGE][PASSED] - Object: 'Object Repository/set_text_combo_texto/Page_ToolsQA/input_Name_firstName' is clicked on

2023-01-28 14:06:02 - [TEST_STEP][PASSED] - setText(findTestObject("Object Repository/set_text_combo_texto/Page_ToolsQA/input_Name_firstName"), "Jose"): Text 'Jose' is set on object 'Object Repository/set_text_combo_texto/Page_ToolsQA/input_Name_firstName'

2023-01-28 14:06:05 - [MESSAGE][PASSED] - Text 'Jose' is set on object 'Object Repository/set_text_combo_texto/Page_ToolsQA/input_Name_firstName'

2023-01-28 14:06:05 - [TEST_STEP][PASSED] - sendKeys(findTestObject("set_text_combo_texto/Page_ToolsQA/input_Name_firstName"), " Reyes"): Keys ' Reyes' sent to object: 'Object Repository/set_text_combo_texto/Page_ToolsQA/input_Name_firstName'

2023-01-28 14:06:06 - [MESSAGE][PASSED] - Keys ' Reyes' sent to object: 'Object Repository/set_text_combo_texto/Page_ToolsQA/input_Name_firstName'

2023-01-28 14:06:06 - [TEST_STEP][PASSED] - clearText(findTestObject("set_text_combo_texto/Page_ToolsQA/input_Name_firstName")): Text of object 'Object Repository/set_text_combo_texto/Page_ToolsQA/input_Name_firstName' is cleared

2023-01-28 14:06:06 - [MESSAGE][PASSED] - Text of object 'Object Repository/set_text_combo_texto/Page_ToolsQA/input_Name_firstName' is cleared

2023-01-28 14:06:06 - [TEST_STEP][PASSED] - setText(findTestObject("set_text_combo_texto/Page_ToolsQA/input_Name_firstName"), "Alfonso Lora"): Text 'Alfonso Lora' is set on object 'Object Repository/set_text_combo_texto/Page_ToolsQA/input_Name_firstName'

2023-01-28 14:06:08 - [MESSAGE][PASSED] - Text 'Alfonso Lora' is set on object 'Object Repository/set_text_combo_texto/Page_ToolsQA/input_Name_firstName'

2023-01-28 14:06:08 - [TEST_STEP][PASSED] - delay(Tiempo): Delayed 2 second(s)

2023-01-28 14:06:10 - [MESSAGE][PASSED] - Delayed 2 second(s)

2023-01-28 14:06:10 - [TEST_STEP][PASSED] - check(findTestObject("set_text_combo_texto/Page_ToolsQA/label_Male")): Object 'Object Repository/set_text_combo_texto/Page_ToolsQA/label_Male' is checked

2023-01-28 14:06:10 - [MESSAGE][PASSED] - Object 'Object Repository/set_text_combo_texto/Page_ToolsQA/label_Male' is checked

2023-01-28 14:06:10 - [TEST_STEP][PASSED] - scrollToElement(findTestObject("set_text_combo_texto/Page_ToolsQA/hobbies_check"), 0): Scroll to object 'Object Repository/set_text_combo_texto/Page_ToolsQA/hobbies_check' successfully

2023-01-28 14:06:11 - [MESSAGE][WARNING] - Timeout '0' is invalid. Using default page load timeout: '30'

2023-01-28 14:06:11 - [MESSAGE][PASSED] - Scroll to object 'Object Repository/set_text_combo_texto/Page_ToolsQA/hobbies_check' successfully

2023-01-28 14:06:11 - [TEST_STEP][PASSED] - check(findTestObject("set_text_combo_texto/Page_ToolsQA/hobbies_check")): Object 'Object Repository/set_text_combo_texto/Page_ToolsQA/hobbies_check' is checked

2023-01-28 14:06:12 - [MESSAGE][PASSED] - Object 'Object Repository/set_text_combo_texto/Page_ToolsQA/hobbies_check' is checked

2023-01-28 14:06:12 - [TEST_STEP][PASSED] - delay(Tiempo): Delayed 2 second(s)

2023-01-28 14:06:14 - [MESSAGE][PASSED] - Delayed 2 second(s)

2023-01-28 14:06:14 - [TEST_STEP][PASSED] - closeBrowser(): Browser is closed

2023-01-28 14:06:14 - [MESSAGE][PASSED] - Browser is closed]]></system-out>
         <system-err><![CDATA[]]></system-err>
      </testcase>
      <system-out><![CDATA[2023-01-28 14:04:52 - [TEST_SUITE][FAILED] - Test_suite_1: Test Cases/Carga_1/Carga_1 FAILED.
Reason:
com.kms.katalon.core.exception.StepFailedException: Unable to upload file '/Users/gabrielcrooke/Katalon Studio/Sample - Web API Tests/imagenes/thumbnail.png' to object 'Object Repository/carga_1/Page_Upload a File/input_Upload a File_filename'
	at com.kms.katalon.core.webui.keyword.internal.WebUIKeywordMain.stepFailed(WebUIKeywordMain.groovy:64)
	at com.kms.katalon.core.webui.keyword.internal.WebUIKeywordMain.runKeyword(WebUIKeywordMain.groovy:26)
	at com.kms.katalon.core.webui.keyword.builtin.UploadFileKeyword.uploadFile(UploadFileKeyword.groovy:87)
	at com.kms.katalon.core.webui.keyword.builtin.UploadFileKeyword.execute(UploadFileKeyword.groovy:68)
	at com.kms.katalon.core.keyword.internal.KeywordExecutor.executeKeywordForPlatform(KeywordExecutor.groovy:74)
	at com.kms.katalon.core.webui.keyword.WebUiBuiltInKeywords.uploadFile(WebUiBuiltInKeywords.groovy:4031)
	at com.kms.katalon.core.webui.keyword.WebUiBuiltInKeywords$uploadFile$7.call(Unknown Source)
	at Carga_1.run(Carga_1:26)
	at com.kms.katalon.core.main.ScriptEngine.run(ScriptEngine.java:194)
	at com.kms.katalon.core.main.ScriptEngine.runScriptAsRawText(ScriptEngine.java:119)
	at com.kms.katalon.core.main.TestCaseExecutor.runScript(TestCaseExecutor.java:448)
	at com.kms.katalon.core.main.TestCaseExecutor.doExecute(TestCaseExecutor.java:439)
	at com.kms.katalon.core.main.TestCaseExecutor.processExecutionPhase(TestCaseExecutor.java:418)
	at com.kms.katalon.core.main.TestCaseExecutor.accessMainPhase(TestCaseExecutor.java:410)
	at com.kms.katalon.core.main.TestCaseExecutor.execute(TestCaseExecutor.java:285)
	at com.kms.katalon.core.common.CommonExecutor.accessTestCaseMainPhase(CommonExecutor.java:65)
	at com.kms.katalon.core.main.TestSuiteExecutor.accessTestSuiteMainPhase(TestSuiteExecutor.java:151)
	at com.kms.katalon.core.main.TestSuiteExecutor.execute(TestSuiteExecutor.java:106)
	at com.kms.katalon.core.main.TestCaseMain.startTestSuite(TestCaseMain.java:185)
	at com.kms.katalon.core.main.TestCaseMain$startTestSuite$0.call(Unknown Source)
	at TempTestSuite1674929075582.run(TempTestSuite1674929075582.groovy:36)
Caused by: org.openqa.selenium.InvalidArgumentException: invalid argument: File not found : /Users/gabrielcrooke/Katalon Studio/Sample - Web API Tests/imagenes/thumbnail.png
  (Session info: chrome=109.0.5414.119)
Build info: version: '3.141.59', revision: 'e82be7d358', time: '2018-11-14T08:25:53'
System info: host: 'Gabriels-MacBook-Pro.local', ip: 'fe80:0:0:0:85d:2438:7f5f:7340%en0', os.name: 'Mac OS X', os.arch: 'x86_64', os.version: '10.16', java.version: '1.8.0_275'
Driver info: com.kms.katalon.selenium.driver.CChromeDriver
Capabilities {acceptInsecureCerts: false, browserName: chrome, browserVersion: 109.0.5414.119, chrome: {chromedriverVersion: 109.0.5414.74 (e7c5703604da..., userDataDir: /var/folders/rk/qtfk8trs20g...}, goog:chromeOptions: {debuggerAddress: localhost:64221}, javascriptEnabled: true, networkConnectionEnabled: false, pageLoadStrategy: normal, platform: MAC, platformName: MAC, proxy: Proxy(), setWindowRect: true, strictFileInteractability: false, timeouts: {implicit: 0, pageLoad: 300000, script: 30000}, unhandledPromptBehavior: dismiss and notify, webauthn:extension:credBlob: true, webauthn:extension:largeBlob: true, webauthn:virtualAuthenticators: true}
Session ID: 9a2a0eb04b8774ab0200e3d80bf56b26
	at org.openqa.selenium.remote.http.W3CHttpResponseCodec.createException(W3CHttpResponseCodec.java:187)
	at org.openqa.selenium.remote.http.W3CHttpResponseCodec.decode(W3CHttpResponseCodec.java:122)
	at org.openqa.selenium.remote.http.W3CHttpResponseCodec.decode(W3CHttpResponseCodec.java:49)
	at org.openqa.selenium.remote.HttpCommandExecutor.execute(HttpCommandExecutor.java:158)
	at org.openqa.selenium.remote.service.DriverCommandExecutor.execute(DriverCommandExecutor.java:83)
	at org.openqa.selenium.remote.RemoteWebDriver.execute(RemoteWebDriver.java:552)
	at com.kms.katalon.selenium.driver.CChromeDriver.execute(CChromeDriver.java:19)
	at org.openqa.selenium.remote.RemoteWebElement.execute(RemoteWebElement.java:285)
	at org.openqa.selenium.remote.RemoteWebElement.sendKeys(RemoteWebElement.java:106)
	at org.openqa.selenium.support.events.EventFiringWebDriver$EventFiringWebElement.lambda$new$0(EventFiringWebDriver.java:404)
	at com.sun.proxy.$Proxy12.sendKeys(Unknown Source)
	at org.openqa.selenium.support.events.EventFiringWebDriver$EventFiringWebElement.sendKeys(EventFiringWebDriver.java:429)
	at com.kms.katalon.core.webui.keyword.builtin.UploadFileKeyword$_uploadFile_closure1.doCall(UploadFileKeyword.groovy:80)
	at com.kms.katalon.core.webui.keyword.builtin.UploadFileKeyword$_uploadFile_closure1.call(UploadFileKeyword.groovy)
	at com.kms.katalon.core.webui.keyword.internal.WebUIKeywordMain.runKeyword(WebUIKeywordMain.groovy:20)
	... 19 more]]></system-out>
      <system-err><![CDATA[2023-01-28 14:04:52 - [TEST_SUITE][FAILED] - Test_suite_1: Test Cases/Carga_1/Carga_1 FAILED.
Reason:
com.kms.katalon.core.exception.StepFailedException: Unable to upload file '/Users/gabrielcrooke/Katalon Studio/Sample - Web API Tests/imagenes/thumbnail.png' to object 'Object Repository/carga_1/Page_Upload a File/input_Upload a File_filename'
	at com.kms.katalon.core.webui.keyword.internal.WebUIKeywordMain.stepFailed(WebUIKeywordMain.groovy:64)
	at com.kms.katalon.core.webui.keyword.internal.WebUIKeywordMain.runKeyword(WebUIKeywordMain.groovy:26)
	at com.kms.katalon.core.webui.keyword.builtin.UploadFileKeyword.uploadFile(UploadFileKeyword.groovy:87)
	at com.kms.katalon.core.webui.keyword.builtin.UploadFileKeyword.execute(UploadFileKeyword.groovy:68)
	at com.kms.katalon.core.keyword.internal.KeywordExecutor.executeKeywordForPlatform(KeywordExecutor.groovy:74)
	at com.kms.katalon.core.webui.keyword.WebUiBuiltInKeywords.uploadFile(WebUiBuiltInKeywords.groovy:4031)
	at com.kms.katalon.core.webui.keyword.WebUiBuiltInKeywords$uploadFile$7.call(Unknown Source)
	at Carga_1.run(Carga_1:26)
	at com.kms.katalon.core.main.ScriptEngine.run(ScriptEngine.java:194)
	at com.kms.katalon.core.main.ScriptEngine.runScriptAsRawText(ScriptEngine.java:119)
	at com.kms.katalon.core.main.TestCaseExecutor.runScript(TestCaseExecutor.java:448)
	at com.kms.katalon.core.main.TestCaseExecutor.doExecute(TestCaseExecutor.java:439)
	at com.kms.katalon.core.main.TestCaseExecutor.processExecutionPhase(TestCaseExecutor.java:418)
	at com.kms.katalon.core.main.TestCaseExecutor.accessMainPhase(TestCaseExecutor.java:410)
	at com.kms.katalon.core.main.TestCaseExecutor.execute(TestCaseExecutor.java:285)
	at com.kms.katalon.core.common.CommonExecutor.accessTestCaseMainPhase(CommonExecutor.java:65)
	at com.kms.katalon.core.main.TestSuiteExecutor.accessTestSuiteMainPhase(TestSuiteExecutor.java:151)
	at com.kms.katalon.core.main.TestSuiteExecutor.execute(TestSuiteExecutor.java:106)
	at com.kms.katalon.core.main.TestCaseMain.startTestSuite(TestCaseMain.java:185)
	at com.kms.katalon.core.main.TestCaseMain$startTestSuite$0.call(Unknown Source)
	at TempTestSuite1674929075582.run(TempTestSuite1674929075582.groovy:36)
Caused by: org.openqa.selenium.InvalidArgumentException: invalid argument: File not found : /Users/gabrielcrooke/Katalon Studio/Sample - Web API Tests/imagenes/thumbnail.png
  (Session info: chrome=109.0.5414.119)
Build info: version: '3.141.59', revision: 'e82be7d358', time: '2018-11-14T08:25:53'
System info: host: 'Gabriels-MacBook-Pro.local', ip: 'fe80:0:0:0:85d:2438:7f5f:7340%en0', os.name: 'Mac OS X', os.arch: 'x86_64', os.version: '10.16', java.version: '1.8.0_275'
Driver info: com.kms.katalon.selenium.driver.CChromeDriver
Capabilities {acceptInsecureCerts: false, browserName: chrome, browserVersion: 109.0.5414.119, chrome: {chromedriverVersion: 109.0.5414.74 (e7c5703604da..., userDataDir: /var/folders/rk/qtfk8trs20g...}, goog:chromeOptions: {debuggerAddress: localhost:64221}, javascriptEnabled: true, networkConnectionEnabled: false, pageLoadStrategy: normal, platform: MAC, platformName: MAC, proxy: Proxy(), setWindowRect: true, strictFileInteractability: false, timeouts: {implicit: 0, pageLoad: 300000, script: 30000}, unhandledPromptBehavior: dismiss and notify, webauthn:extension:credBlob: true, webauthn:extension:largeBlob: true, webauthn:virtualAuthenticators: true}
Session ID: 9a2a0eb04b8774ab0200e3d80bf56b26
	at org.openqa.selenium.remote.http.W3CHttpResponseCodec.createException(W3CHttpResponseCodec.java:187)
	at org.openqa.selenium.remote.http.W3CHttpResponseCodec.decode(W3CHttpResponseCodec.java:122)
	at org.openqa.selenium.remote.http.W3CHttpResponseCodec.decode(W3CHttpResponseCodec.java:49)
	at org.openqa.selenium.remote.HttpCommandExecutor.execute(HttpCommandExecutor.java:158)
	at org.openqa.selenium.remote.service.DriverCommandExecutor.execute(DriverCommandExecutor.java:83)
	at org.openqa.selenium.remote.RemoteWebDriver.execute(RemoteWebDriver.java:552)
	at com.kms.katalon.selenium.driver.CChromeDriver.execute(CChromeDriver.java:19)
	at org.openqa.selenium.remote.RemoteWebElement.execute(RemoteWebElement.java:285)
	at org.openqa.selenium.remote.RemoteWebElement.sendKeys(RemoteWebElement.java:106)
	at org.openqa.selenium.support.events.EventFiringWebDriver$EventFiringWebElement.lambda$new$0(EventFiringWebDriver.java:404)
	at com.sun.proxy.$Proxy12.sendKeys(Unknown Source)
	at org.openqa.selenium.support.events.EventFiringWebDriver$EventFiringWebElement.sendKeys(EventFiringWebDriver.java:429)
	at com.kms.katalon.core.webui.keyword.builtin.UploadFileKeyword$_uploadFile_closure1.doCall(UploadFileKeyword.groovy:80)
	at com.kms.katalon.core.webui.keyword.builtin.UploadFileKeyword$_uploadFile_closure1.call(UploadFileKeyword.groovy)
	at com.kms.katalon.core.webui.keyword.internal.WebUIKeywordMain.runKeyword(WebUIKeywordMain.groovy:20)
	... 19 more]]></system-err>
   </testsuite>
</testsuites>
